Using pre-set license
Built from '2022.3/staging' branch; Version is '2022.3.1f1 (f18e0c1b5784) revision 15830540'; Using compiler version '192829333'; Build Type 'Release'
OS: 'Windows 10  (10.0.19045) 64bit CoreCountrySpecific' Language: 'zh' Physical Memory: 15789 MB
BatchMode: 1, IsHumanControllingUs: 0, StartBugReporterOnCrash: 0, Is64bit: 1, IsPro: 1

COMMAND LINE ARGUMENTS:
C:\Unity\2022.3.1f1\Editor\Unity.exe
-adb2
-batchMode
-noUpm
-name
AssetImportWorker0
-projectPath
C:/Unity/MMORPG/Client
-logFile
Logs/AssetImportWorker0.log
-srvPort
50453
Successfully changed project path to: C:/Unity/MMORPG/Client
C:/Unity/MMORPG/Client
[UnityMemory] Configuration Parameters - Can be set up in boot.config
    "memorysetup-bucket-allocator-granularity=16"
    "memorysetup-bucket-allocator-bucket-count=8"
    "memorysetup-bucket-allocator-block-size=33554432"
    "memorysetup-bucket-allocator-block-count=8"
    "memorysetup-main-allocator-block-size=16777216"
    "memorysetup-thread-allocator-block-size=16777216"
    "memorysetup-gfx-main-allocator-block-size=16777216"
    "memorysetup-gfx-thread-allocator-block-size=16777216"
    "memorysetup-cache-allocator-block-size=4194304"
    "memorysetup-typetree-allocator-block-size=2097152"
    "memorysetup-profiler-bucket-allocator-granularity=16"
    "memorysetup-profiler-bucket-allocator-bucket-count=8"
    "memorysetup-profiler-bucket-allocator-block-size=33554432"
    "memorysetup-profiler-bucket-allocator-block-count=8"
    "memorysetup-profiler-allocator-block-size=16777216"
    "memorysetup-profiler-editor-allocator-block-size=1048576"
    "memorysetup-temp-allocator-size-main=16777216"
    "memorysetup-job-temp-allocator-block-size=2097152"
    "memorysetup-job-temp-allocator-block-size-background=1048576"
    "memorysetup-job-temp-allocator-reduction-small-platforms=262144"
    "memorysetup-allocator-temp-initial-block-size-main=262144"
    "memorysetup-allocator-temp-initial-block-size-worker=262144"
    "memorysetup-temp-allocator-size-background-worker=32768"
    "memorysetup-temp-allocator-size-job-worker=262144"
    "memorysetup-temp-allocator-size-preload-manager=33554432"
    "memorysetup-temp-allocator-size-nav-mesh-worker=65536"
    "memorysetup-temp-allocator-size-audio-worker=65536"
    "memorysetup-temp-allocator-size-cloud-worker=32768"
    "memorysetup-temp-allocator-size-gi-baking-worker=262144"
    "memorysetup-temp-allocator-size-gfx=262144"
Player connection [14540] Host "[IP] 172.16.53.20 [Port] 0 [Flags] 2 [Guid] 2679114225 [EditorId] 2679114225 [Version] 1048832 [Id] WindowsEditor(7,LAPTOP-BKPS7C79) [Debug] 1 [PackageName] WindowsEditor [ProjectName] Editor" joined multi-casting on [225.0.0.222:54997]...

Player connection [14540] Host "[IP] 172.16.53.20 [Port] 0 [Flags] 2 [Guid] 2679114225 [EditorId] 2679114225 [Version] 1048832 [Id] WindowsEditor(7,LAPTOP-BKPS7C79) [Debug] 1 [PackageName] WindowsEditor [ProjectName] Editor" joined alternative multi-casting on [225.0.0.222:34997]...

Refreshing native plugins compatible for Editor in 67.15 ms, found 2 plugins.
Preloading 0 native plugins for Editor in 0.00 ms.
Initialize engine version: 2022.3.1f1 (f18e0c1b5784)
[Subsystems] Discovering subsystems at path C:/Unity/2022.3.1f1/Editor/Data/Resources/UnitySubsystems
[Subsystems] Discovering subsystems at path C:/Unity/MMORPG/Client/Assets
GfxDevice: creating device client; threaded=0; jobified=0
Direct3D:
    Version:  Direct3D 11.0 [level 11.1]
    Renderer: NVIDIA GeForce GTX 1660 Ti (ID=0x2191)
    Vendor:   NVIDIA
    VRAM:     5979 MB
    Driver:   31.0.15.4617
Initialize mono
Mono path[0] = 'C:/Unity/2022.3.1f1/Editor/Data/Managed'
Mono path[1] = 'C:/Unity/2022.3.1f1/Editor/Data/MonoBleedingEdge/lib/mono/unityjit-win32'
Mono config path = 'C:/Unity/2022.3.1f1/Editor/Data/MonoBleedingEdge/etc'
Using monoOptions --debugger-agent=transport=dt_socket,embedding=1,server=y,suspend=n,address=127.0.0.1:56184
Begin MonoManager ReloadAssembly
Registering precompiled unity dll's ...
Register platform support module: C:/Unity/2022.3.1f1/Editor/Data/PlaybackEngines/AndroidPlayer/UnityEditor.Android.Extensions.dll
Register platform support module: C:/Unity/2022.3.1f1/Editor/Data/PlaybackEngines/WindowsStandaloneSupport/UnityEditor.WindowsStandalone.Extensions.dll
Registered in 0.021348 seconds.
- Loaded All Assemblies, in  0.662 seconds
Native extension for WindowsStandalone target not found
Native extension for Android target not found
Android Extension - Scanning For ADB Devices 740 ms
Mono: successfully reloaded assembly
- Finished resetting the current domain, in  1.672 seconds
Domain Reload Profiling: 2329ms
	BeginReloadAssembly (156ms)
		ExecutionOrderSort (0ms)
		DisableScriptedObjects (0ms)
		BackupInstance (0ms)
		ReleaseScriptingObjects (0ms)
		CreateAndSetChildDomain (1ms)
	RebuildCommonClasses (59ms)
	RebuildNativeTypeToScriptingClass (18ms)
	initialDomainReloadingComplete (126ms)
	LoadAllAssembliesAndSetupDomain (297ms)
		LoadAssemblies (152ms)
		RebuildTransferFunctionScriptingTraits (0ms)
		AnalyzeDomain (282ms)
			TypeCache.Refresh (281ms)
				TypeCache.ScanAssembly (253ms)
			ScanForSourceGeneratedMonoScriptInfo (1ms)
			ResolveRequiredComponents (1ms)
	FinalizeReload (1673ms)
		ReleaseScriptCaches (0ms)
		RebuildScriptCaches (0ms)
		SetupLoadedEditorAssemblies (1473ms)
			LogAssemblyErrors (0ms)
			InitializePlatformSupportModulesInManaged (1080ms)
			SetLoadedEditorAssemblies (8ms)
			RefreshPlugins (0ms)
			BeforeProcessingInitializeOnLoad (4ms)
			ProcessInitializeOnLoadAttributes (298ms)
			ProcessInitializeOnLoadMethodAttributes (83ms)
			AfterProcessingInitializeOnLoad (0ms)
			EditorAssembliesLoaded (0ms)
		ExecutionOrderSort2 (0ms)
		AwakeInstancesAfterBackupRestoration (0ms)
========================================================================
Worker process is ready to serve import requests
Begin MonoManager ReloadAssembly
Symbol file LoadedFromMemory is not a mono symbol file
- Loaded All Assemblies, in  1.585 seconds
Refreshing native plugins compatible for Editor in 19.92 ms, found 2 plugins.
Native extension for WindowsStandalone target not found
Native extension for Android target not found
Mono: successfully reloaded assembly
- Finished resetting the current domain, in  1.215 seconds
Domain Reload Profiling: 2790ms
	BeginReloadAssembly (339ms)
		ExecutionOrderSort (0ms)
		DisableScriptedObjects (12ms)
		BackupInstance (0ms)
		ReleaseScriptingObjects (0ms)
		CreateAndSetChildDomain (46ms)
	RebuildCommonClasses (171ms)
	RebuildNativeTypeToScriptingClass (23ms)
	initialDomainReloadingComplete (156ms)
	LoadAllAssembliesAndSetupDomain (885ms)
		LoadAssemblies (651ms)
		RebuildTransferFunctionScriptingTraits (0ms)
		AnalyzeDomain (425ms)
			TypeCache.Refresh (391ms)
				TypeCache.ScanAssembly (367ms)
			ScanForSourceGeneratedMonoScriptInfo (27ms)
			ResolveRequiredComponents (7ms)
	FinalizeReload (1216ms)
		ReleaseScriptCaches (0ms)
		RebuildScriptCaches (0ms)
		SetupLoadedEditorAssemblies (971ms)
			LogAssemblyErrors (0ms)
			InitializePlatformSupportModulesInManaged (39ms)
			SetLoadedEditorAssemblies (5ms)
			RefreshPlugins (0ms)
			BeforeProcessingInitializeOnLoad (108ms)
			ProcessInitializeOnLoadAttributes (527ms)
			ProcessInitializeOnLoadMethodAttributes (277ms)
			AfterProcessingInitializeOnLoad (15ms)
			EditorAssembliesLoaded (0ms)
		ExecutionOrderSort2 (0ms)
		AwakeInstancesAfterBackupRestoration (13ms)
Launched and connected shader compiler UnityShaderCompiler.exe after 0.08 seconds
Refreshing native plugins compatible for Editor in 24.89 ms, found 2 plugins.
Preloading 0 native plugins for Editor in 0.00 ms.
Unloading 2674 Unused Serialized files (Serialized files now loaded: 0)
Unloading 81 unused Assets / (146.3 KB). Loaded Objects now: 3132.
Memory consumption went from 128.6 MB to 128.4 MB.
Total: 14.008100 ms (FindLiveObjects: 0.802800 ms CreateObjectMapping: 0.528400 ms MarkObjects: 11.842100 ms  DeleteObjects: 0.832200 ms)

AssetImportParameters requested are different than current active one (requested -> active):
  custom:video-decoder-webm-vp8: 9c59270c3fd7afecdb556c50c9e8de78 -> 
  custom:container-demuxer-ogg: 62fdf1f143b41e24485cea50d1cbac27 -> 
  custom:AudioImporter_EditorPlatform: d09bf68614088b80899f8185d706f6e7 -> 
  custom:video-codec-MediaFoundation-h265: 746d11721c4dcdbdad8f713fa42b33f4 -> 
  custom:video-decoder-ogg-theora: a1e56fd34408186e4bbccfd4996cb3dc -> 
  custom:framework-win-MediaFoundation: 216162199b28c13a410421893ffa2e32 -> 
  custom:video-encoder-webm-vp8: eb34c28f22e8b96e1ab97ce403110664 -> 
  custom:audio-decoder-ogg-vorbis: bf7c407c2cedff20999df2af8eb42d56 -> 
  custom:container-demuxer-webm: 4f35f7cbe854078d1ac9338744f61a02 -> 
  custom:audio-encoder-webm-vorbis: bf7c407c2cedff20999df2af8eb42d56 -> 
  custom:container-muxer-webm: aa71ff27fc2769a1b78a27578f13a17b -> 
========================================================================
Received Prepare
Begin MonoManager ReloadAssembly
Symbol file LoadedFromMemory is not a mono symbol file
- Loaded All Assemblies, in  1.112 seconds
Refreshing native plugins compatible for Editor in 16.73 ms, found 2 plugins.
Native extension for WindowsStandalone target not found
Native extension for Android target not found
Mono: successfully reloaded assembly
- Finished resetting the current domain, in  1.628 seconds
Domain Reload Profiling: 2733ms
	BeginReloadAssembly (239ms)
		ExecutionOrderSort (0ms)
		DisableScriptedObjects (8ms)
		BackupInstance (0ms)
		ReleaseScriptingObjects (0ms)
		CreateAndSetChildDomain (66ms)
	RebuildCommonClasses (55ms)
	RebuildNativeTypeToScriptingClass (16ms)
	initialDomainReloadingComplete (46ms)
	LoadAllAssembliesAndSetupDomain (749ms)
		LoadAssemblies (485ms)
		RebuildTransferFunctionScriptingTraits (0ms)
		AnalyzeDomain (356ms)
			TypeCache.Refresh (350ms)
				TypeCache.ScanAssembly (330ms)
			ScanForSourceGeneratedMonoScriptInfo (0ms)
			ResolveRequiredComponents (6ms)
	FinalizeReload (1629ms)
		ReleaseScriptCaches (0ms)
		RebuildScriptCaches (0ms)
		SetupLoadedEditorAssemblies (837ms)
			LogAssemblyErrors (0ms)
			InitializePlatformSupportModulesInManaged (42ms)
			SetLoadedEditorAssemblies (7ms)
			RefreshPlugins (0ms)
			BeforeProcessingInitializeOnLoad (122ms)
			ProcessInitializeOnLoadAttributes (417ms)
			ProcessInitializeOnLoadMethodAttributes (232ms)
			AfterProcessingInitializeOnLoad (16ms)
			EditorAssembliesLoaded (1ms)
		ExecutionOrderSort2 (0ms)
		AwakeInstancesAfterBackupRestoration (14ms)
Refreshing native plugins compatible for Editor in 27.79 ms, found 2 plugins.
Preloading 0 native plugins for Editor in 0.00 ms.
Unloading 2652 Unused Serialized files (Serialized files now loaded: 0)
Unloading 57 unused Assets / (118.4 KB). Loaded Objects now: 3147.
Memory consumption went from 122.9 MB to 122.8 MB.
Total: 15.058000 ms (FindLiveObjects: 0.791300 ms CreateObjectMapping: 0.597200 ms MarkObjects: 13.385800 ms  DeleteObjects: 0.281000 ms)

Prepare: number of updated asset objects reloaded= 0
AssetImportParameters requested are different than current active one (requested -> active):
  custom:video-decoder-webm-vp8: 9c59270c3fd7afecdb556c50c9e8de78 -> 
  custom:container-demuxer-ogg: 62fdf1f143b41e24485cea50d1cbac27 -> 
  custom:AudioImporter_EditorPlatform: d09bf68614088b80899f8185d706f6e7 -> 
  custom:video-codec-MediaFoundation-h265: 746d11721c4dcdbdad8f713fa42b33f4 -> 
  custom:video-decoder-ogg-theora: a1e56fd34408186e4bbccfd4996cb3dc -> 
  custom:framework-win-MediaFoundation: 216162199b28c13a410421893ffa2e32 -> 
  custom:video-encoder-webm-vp8: eb34c28f22e8b96e1ab97ce403110664 -> 
  custom:audio-decoder-ogg-vorbis: bf7c407c2cedff20999df2af8eb42d56 -> 
  custom:container-demuxer-webm: 4f35f7cbe854078d1ac9338744f61a02 -> 
  custom:audio-encoder-webm-vorbis: bf7c407c2cedff20999df2af8eb42d56 -> 
  custom:container-muxer-webm: aa71ff27fc2769a1b78a27578f13a17b -> 
========================================================================
Received Import Request.
  Time since last request: 1719.873391 seconds.
  path: Assets/Scripts/Net/NetMsgDispatcher.cs
  artifactKey: Guid(390ffea0c5ea63b438728fde33bd11c2) Importer(815301076,1909f56bfc062723c751e8b465ee728b)
Start importing Assets/Scripts/Net/NetMsgDispatcher.cs using Guid(390ffea0c5ea63b438728fde33bd11c2) Importer(815301076,1909f56bfc062723c751e8b465ee728b)  -> (artifact id: 'c277a9ff90bf87530a8e8b9d74690bfc') in 0.003015 seconds
Number of updated asset objects reloaded before import = 0
Number of asset objects unloaded after import = 0
========================================================================
Received Import Request.
  Time since last request: 27.523950 seconds.
  path: Assets/Scripts/Net/NetMsgDispatcher.cs
  artifactKey: Guid(390ffea0c5ea63b438728fde33bd11c2) Importer(815301076,1909f56bfc062723c751e8b465ee728b)
Start importing Assets/Scripts/Net/NetMsgDispatcher.cs using Guid(390ffea0c5ea63b438728fde33bd11c2) Importer(815301076,1909f56bfc062723c751e8b465ee728b)  -> (artifact id: '401bee8b727e4ebe97036c8bbfe9a8a8') in 0.000967 seconds
Number of updated asset objects reloaded before import = 0
Number of asset objects unloaded after import = 0
========================================================================
Received Import Request.
  Time since last request: 1789.178025 seconds.
  path: Assets/Scripts/Net/NetMsgDispatcher.cs
  artifactKey: Guid(390ffea0c5ea63b438728fde33bd11c2) Importer(815301076,1909f56bfc062723c751e8b465ee728b)
Start importing Assets/Scripts/Net/NetMsgDispatcher.cs using Guid(390ffea0c5ea63b438728fde33bd11c2) Importer(815301076,1909f56bfc062723c751e8b465ee728b)  -> (artifact id: '43ce300d030c391e56a4b9c807cc6e6e') in 0.001356 seconds
Number of updated asset objects reloaded before import = 0
Number of asset objects unloaded after import = 0
========================================================================
Received Import Request.
  Time since last request: 83.220126 seconds.
  path: Assets/Scripts/Net/NetMsgDispatcher.cs
  artifactKey: Guid(390ffea0c5ea63b438728fde33bd11c2) Importer(815301076,1909f56bfc062723c751e8b465ee728b)
Start importing Assets/Scripts/Net/NetMsgDispatcher.cs using Guid(390ffea0c5ea63b438728fde33bd11c2) Importer(815301076,1909f56bfc062723c751e8b465ee728b)  -> (artifact id: 'b8ed8950bf44ed696797327c082526ec') in 0.001222 seconds
Number of updated asset objects reloaded before import = 0
Number of asset objects unloaded after import = 0
========================================================================
Received Import Request.
  Time since last request: 53.388414 seconds.
  path: Assets/Scripts/Net/NetMsgDispatcher.cs
  artifactKey: Guid(390ffea0c5ea63b438728fde33bd11c2) Importer(815301076,1909f56bfc062723c751e8b465ee728b)
Start importing Assets/Scripts/Net/NetMsgDispatcher.cs using Guid(390ffea0c5ea63b438728fde33bd11c2) Importer(815301076,1909f56bfc062723c751e8b465ee728b)  -> (artifact id: '478de58a55e4f1657d710e24b7f304eb') in 0.000962 seconds
Number of updated asset objects reloaded before import = 0
Number of asset objects unloaded after import = 0
========================================================================
Received Import Request.
  Time since last request: 25.315696 seconds.
  path: Assets/Scripts/Net/NetMsgDispatcher.cs
  artifactKey: Guid(390ffea0c5ea63b438728fde33bd11c2) Importer(815301076,1909f56bfc062723c751e8b465ee728b)
Start importing Assets/Scripts/Net/NetMsgDispatcher.cs using Guid(390ffea0c5ea63b438728fde33bd11c2) Importer(815301076,1909f56bfc062723c751e8b465ee728b)  -> (artifact id: 'd8236227680c3896d5964f8e2981f43e') in 0.001015 seconds
Number of updated asset objects reloaded before import = 0
Number of asset objects unloaded after import = 0
========================================================================
Received Import Request.
  Time since last request: 30.013703 seconds.
  path: Assets/Scripts/Net/NetMsgDispatcher.cs
  artifactKey: Guid(390ffea0c5ea63b438728fde33bd11c2) Importer(815301076,1909f56bfc062723c751e8b465ee728b)
Start importing Assets/Scripts/Net/NetMsgDispatcher.cs using Guid(390ffea0c5ea63b438728fde33bd11c2) Importer(815301076,1909f56bfc062723c751e8b465ee728b)  -> (artifact id: '21f6f56cea25dd15782107f017877b43') in 0.001014 seconds
Number of updated asset objects reloaded before import = 0
Number of asset objects unloaded after import = 0
========================================================================
Received Import Request.
  Time since last request: 53.560845 seconds.
  path: Assets/Scripts/Net/NetMsgDispatcher.cs
  artifactKey: Guid(390ffea0c5ea63b438728fde33bd11c2) Importer(815301076,1909f56bfc062723c751e8b465ee728b)
Start importing Assets/Scripts/Net/NetMsgDispatcher.cs using Guid(390ffea0c5ea63b438728fde33bd11c2) Importer(815301076,1909f56bfc062723c751e8b465ee728b)  -> (artifact id: 'd67f7d1746f4e8758814c9e2e82ca158') in 0.001018 seconds
Number of updated asset objects reloaded before import = 0
Number of asset objects unloaded after import = 0
========================================================================
Received Import Request.
  Time since last request: 23.758554 seconds.
  path: Assets/Scripts/Net/NetMsgDispatcher.cs
  artifactKey: Guid(390ffea0c5ea63b438728fde33bd11c2) Importer(815301076,1909f56bfc062723c751e8b465ee728b)
Start importing Assets/Scripts/Net/NetMsgDispatcher.cs using Guid(390ffea0c5ea63b438728fde33bd11c2) Importer(815301076,1909f56bfc062723c751e8b465ee728b)  -> (artifact id: 'ded5bd0697b134bd48399c24c3ece671') in 0.001034 seconds
Number of updated asset objects reloaded before import = 0
Number of asset objects unloaded after import = 0
========================================================================
Received Import Request.
  Time since last request: 12.271398 seconds.
  path: Assets/Scripts/Net/NetMsgDispatcher.cs
  artifactKey: Guid(390ffea0c5ea63b438728fde33bd11c2) Importer(815301076,1909f56bfc062723c751e8b465ee728b)
Start importing Assets/Scripts/Net/NetMsgDispatcher.cs using Guid(390ffea0c5ea63b438728fde33bd11c2) Importer(815301076,1909f56bfc062723c751e8b465ee728b)  -> (artifact id: '50aaee8ae7dca4fb5b2f1dfce4b70da6') in 0.001027 seconds
Number of updated asset objects reloaded before import = 0
Number of asset objects unloaded after import = 0
========================================================================
Received Import Request.
  Time since last request: 31.196746 seconds.
  path: Assets/Scripts/Net/NetMsgDispatcher.cs
  artifactKey: Guid(390ffea0c5ea63b438728fde33bd11c2) Importer(815301076,1909f56bfc062723c751e8b465ee728b)
Start importing Assets/Scripts/Net/NetMsgDispatcher.cs using Guid(390ffea0c5ea63b438728fde33bd11c2) Importer(815301076,1909f56bfc062723c751e8b465ee728b)  -> (artifact id: '142633c6dc52082fbd17fc63a2f10107') in 0.000803 seconds
Number of updated asset objects reloaded before import = 0
Number of asset objects unloaded after import = 0
========================================================================
Received Import Request.
  Time since last request: 8.933500 seconds.
  path: Assets/Scripts/Net/NetMsgDispatcher.cs
  artifactKey: Guid(390ffea0c5ea63b438728fde33bd11c2) Importer(815301076,1909f56bfc062723c751e8b465ee728b)
Start importing Assets/Scripts/Net/NetMsgDispatcher.cs using Guid(390ffea0c5ea63b438728fde33bd11c2) Importer(815301076,1909f56bfc062723c751e8b465ee728b)  -> (artifact id: '485c6a3a7a287805e83450e9e28b219d') in 0.000804 seconds
Number of updated asset objects reloaded before import = 0
Number of asset objects unloaded after import = 0
========================================================================
Received Import Request.
  Time since last request: 150.017528 seconds.
  path: Assets/Scripts/Net/NetMsgDispatcher.cs
  artifactKey: Guid(390ffea0c5ea63b438728fde33bd11c2) Importer(815301076,1909f56bfc062723c751e8b465ee728b)
Start importing Assets/Scripts/Net/NetMsgDispatcher.cs using Guid(390ffea0c5ea63b438728fde33bd11c2) Importer(815301076,1909f56bfc062723c751e8b465ee728b)  -> (artifact id: '71859c56e9fd5513548834da3476e333') in 0.001360 seconds
Number of updated asset objects reloaded before import = 0
Number of asset objects unloaded after import = 0
========================================================================
Received Import Request.
  Time since last request: 65.545575 seconds.
  path: Assets/Scripts/Net/NetMsgDispatcher.cs
  artifactKey: Guid(390ffea0c5ea63b438728fde33bd11c2) Importer(815301076,1909f56bfc062723c751e8b465ee728b)
Start importing Assets/Scripts/Net/NetMsgDispatcher.cs using Guid(390ffea0c5ea63b438728fde33bd11c2) Importer(815301076,1909f56bfc062723c751e8b465ee728b)  -> (artifact id: '9b47b9d94227ff2800429cfbc8fcecca') in 0.000927 seconds
Number of updated asset objects reloaded before import = 0
Number of asset objects unloaded after import = 0
========================================================================
Received Import Request.
  Time since last request: 49.903423 seconds.
  path: Assets/Scripts/Net/NetMsgDispatcher.cs
  artifactKey: Guid(390ffea0c5ea63b438728fde33bd11c2) Importer(815301076,1909f56bfc062723c751e8b465ee728b)
Start importing Assets/Scripts/Net/NetMsgDispatcher.cs using Guid(390ffea0c5ea63b438728fde33bd11c2) Importer(815301076,1909f56bfc062723c751e8b465ee728b)  -> (artifact id: '2807b6fc32f35e383e1b7891f11433a1') in 0.000679 seconds
Number of updated asset objects reloaded before import = 0
Number of asset objects unloaded after import = 0
========================================================================
Received Import Request.
  Time since last request: 16.833265 seconds.
  path: Assets/Scripts/Net/NetMsgDispatcher.cs
  artifactKey: Guid(390ffea0c5ea63b438728fde33bd11c2) Importer(815301076,1909f56bfc062723c751e8b465ee728b)
Start importing Assets/Scripts/Net/NetMsgDispatcher.cs using Guid(390ffea0c5ea63b438728fde33bd11c2) Importer(815301076,1909f56bfc062723c751e8b465ee728b)  -> (artifact id: 'd475e5090478ce56492f5dd0097ac201') in 0.000565 seconds
Number of updated asset objects reloaded before import = 0
Number of asset objects unloaded after import = 0
========================================================================
Received Import Request.
  Time since last request: 34.588236 seconds.
  path: Assets/Scripts/Net/NetMsgDispatcher.cs
  artifactKey: Guid(390ffea0c5ea63b438728fde33bd11c2) Importer(815301076,1909f56bfc062723c751e8b465ee728b)
Start importing Assets/Scripts/Net/NetMsgDispatcher.cs using Guid(390ffea0c5ea63b438728fde33bd11c2) Importer(815301076,1909f56bfc062723c751e8b465ee728b)  -> (artifact id: '98d9f1f59129cc8e337a2ef8f657d8e0') in 0.001186 seconds
Number of updated asset objects reloaded before import = 0
Number of asset objects unloaded after import = 0
========================================================================
Received Import Request.
  Time since last request: 12.934227 seconds.
  path: Assets/Scripts/Net/NetMsgDispatcher.cs
  artifactKey: Guid(390ffea0c5ea63b438728fde33bd11c2) Importer(815301076,1909f56bfc062723c751e8b465ee728b)
Start importing Assets/Scripts/Net/NetMsgDispatcher.cs using Guid(390ffea0c5ea63b438728fde33bd11c2) Importer(815301076,1909f56bfc062723c751e8b465ee728b)  -> (artifact id: '11b11287b6da22f3ac396c6c2ef0f54a') in 0.001000 seconds
Number of updated asset objects reloaded before import = 0
Number of asset objects unloaded after import = 0
========================================================================
Received Import Request.
  Time since last request: 213.077607 seconds.
  path: Assets/Scripts/Net/NetMsgDispatcher.cs
  artifactKey: Guid(390ffea0c5ea63b438728fde33bd11c2) Importer(815301076,1909f56bfc062723c751e8b465ee728b)
Start importing Assets/Scripts/Net/NetMsgDispatcher.cs using Guid(390ffea0c5ea63b438728fde33bd11c2) Importer(815301076,1909f56bfc062723c751e8b465ee728b)  -> (artifact id: '7aeb82f2c0b533f4ab1693004d8e35a6') in 0.000849 seconds
Number of updated asset objects reloaded before import = 0
Number of asset objects unloaded after import = 0
========================================================================
Received Import Request.
  Time since last request: 80.363374 seconds.
  path: Assets/Scripts/Net/NetMsgDispatcher.cs
  artifactKey: Guid(390ffea0c5ea63b438728fde33bd11c2) Importer(815301076,1909f56bfc062723c751e8b465ee728b)
Start importing Assets/Scripts/Net/NetMsgDispatcher.cs using Guid(390ffea0c5ea63b438728fde33bd11c2) Importer(815301076,1909f56bfc062723c751e8b465ee728b)  -> (artifact id: 'cc679840f9a4bbe1f657b6034d03f44d') in 0.002012 seconds
Number of updated asset objects reloaded before import = 0
Number of asset objects unloaded after import = 0
========================================================================
Received Import Request.
  Time since last request: 63.203266 seconds.
  path: Assets/Scripts/Net/NetMsgDispatcher.cs
  artifactKey: Guid(390ffea0c5ea63b438728fde33bd11c2) Importer(815301076,1909f56bfc062723c751e8b465ee728b)
Start importing Assets/Scripts/Net/NetMsgDispatcher.cs using Guid(390ffea0c5ea63b438728fde33bd11c2) Importer(815301076,1909f56bfc062723c751e8b465ee728b)  -> (artifact id: 'feb095f801b0691d2c64fb10c02fe0f1') in 0.000940 seconds
Number of updated asset objects reloaded before import = 0
Number of asset objects unloaded after import = 0
========================================================================
Received Import Request.
  Time since last request: 31.829443 seconds.
  path: Assets/Scripts/Net/NetMsgDispatcher.cs
  artifactKey: Guid(390ffea0c5ea63b438728fde33bd11c2) Importer(815301076,1909f56bfc062723c751e8b465ee728b)
Start importing Assets/Scripts/Net/NetMsgDispatcher.cs using Guid(390ffea0c5ea63b438728fde33bd11c2) Importer(815301076,1909f56bfc062723c751e8b465ee728b)  -> (artifact id: 'f7e7d08a5f095692b13a3efac6339b21') in 0.001203 seconds
Number of updated asset objects reloaded before import = 0
Number of asset objects unloaded after import = 0
========================================================================
Received Import Request.
  Time since last request: 189.787407 seconds.
  path: Assets/Scripts/Net/NetMsgDispatcher.cs
  artifactKey: Guid(390ffea0c5ea63b438728fde33bd11c2) Importer(815301076,1909f56bfc062723c751e8b465ee728b)
Start importing Assets/Scripts/Net/NetMsgDispatcher.cs using Guid(390ffea0c5ea63b438728fde33bd11c2) Importer(815301076,1909f56bfc062723c751e8b465ee728b)  -> (artifact id: '0adc363d1fdba70d60cc645f79b8b3ca') in 0.001889 seconds
Number of updated asset objects reloaded before import = 0
Number of asset objects unloaded after import = 0
========================================================================
Received Import Request.
  Time since last request: 45.001597 seconds.
  path: Assets/Scripts/Net/NetMsgDispatcher.cs
  artifactKey: Guid(390ffea0c5ea63b438728fde33bd11c2) Importer(815301076,1909f56bfc062723c751e8b465ee728b)
Start importing Assets/Scripts/Net/NetMsgDispatcher.cs using Guid(390ffea0c5ea63b438728fde33bd11c2) Importer(815301076,1909f56bfc062723c751e8b465ee728b)  -> (artifact id: '7d6c5fbfc36a42eb4481c6f829783cf5') in 0.001552 seconds
Number of updated asset objects reloaded before import = 0
Number of asset objects unloaded after import = 0
========================================================================
Received Prepare
Begin MonoManager ReloadAssembly
Symbol file LoadedFromMemory is not a mono symbol file
- Loaded All Assemblies, in  0.847 seconds
Refreshing native plugins compatible for Editor in 11.44 ms, found 2 plugins.
Native extension for WindowsStandalone target not found
Native extension for Android target not found
Mono: successfully reloaded assembly
- Finished resetting the current domain, in  1.433 seconds
Domain Reload Profiling: 2274ms
	BeginReloadAssembly (162ms)
		ExecutionOrderSort (0ms)
		DisableScriptedObjects (6ms)
		BackupInstance (0ms)
		ReleaseScriptingObjects (0ms)
		CreateAndSetChildDomain (43ms)
	RebuildCommonClasses (33ms)
	RebuildNativeTypeToScriptingClass (11ms)
	initialDomainReloadingComplete (35ms)
	LoadAllAssembliesAndSetupDomain (600ms)
		LoadAssemblies (411ms)
		RebuildTransferFunctionScriptingTraits (0ms)
		AnalyzeDomain (248ms)
			TypeCache.Refresh (239ms)
				TypeCache.ScanAssembly (222ms)
			ScanForSourceGeneratedMonoScriptInfo (3ms)
			ResolveRequiredComponents (6ms)
	FinalizeReload (1434ms)
		ReleaseScriptCaches (0ms)
		RebuildScriptCaches (0ms)
		SetupLoadedEditorAssemblies (508ms)
			LogAssemblyErrors (0ms)
			InitializePlatformSupportModulesInManaged (29ms)
			SetLoadedEditorAssemblies (6ms)
			RefreshPlugins (0ms)
			BeforeProcessingInitializeOnLoad (77ms)
			ProcessInitializeOnLoadAttributes (234ms)
			ProcessInitializeOnLoadMethodAttributes (149ms)
			AfterProcessingInitializeOnLoad (12ms)
			EditorAssembliesLoaded (0ms)
		ExecutionOrderSort2 (0ms)
		AwakeInstancesAfterBackupRestoration (8ms)
Refreshing native plugins compatible for Editor in 15.09 ms, found 2 plugins.
Preloading 0 native plugins for Editor in 0.00 ms.
Unloading 2651 Unused Serialized files (Serialized files now loaded: 0)
Unloading 57 unused Assets / (118.4 KB). Loaded Objects now: 3162.
Memory consumption went from 122.7 MB to 122.6 MB.
Total: 6.798600 ms (FindLiveObjects: 0.271400 ms CreateObjectMapping: 0.077900 ms MarkObjects: 6.325300 ms  DeleteObjects: 0.122400 ms)

Prepare: number of updated asset objects reloaded= 0
AssetImportParameters requested are different than current active one (requested -> active):
  custom:video-decoder-webm-vp8: 9c59270c3fd7afecdb556c50c9e8de78 -> 
  custom:container-demuxer-ogg: 62fdf1f143b41e24485cea50d1cbac27 -> 
  custom:AudioImporter_EditorPlatform: d09bf68614088b80899f8185d706f6e7 -> 
  custom:video-codec-MediaFoundation-h265: 746d11721c4dcdbdad8f713fa42b33f4 -> 
  custom:video-decoder-ogg-theora: a1e56fd34408186e4bbccfd4996cb3dc -> 
  custom:framework-win-MediaFoundation: 216162199b28c13a410421893ffa2e32 -> 
  custom:video-encoder-webm-vp8: eb34c28f22e8b96e1ab97ce403110664 -> 
  custom:audio-decoder-ogg-vorbis: bf7c407c2cedff20999df2af8eb42d56 -> 
  custom:container-demuxer-webm: 4f35f7cbe854078d1ac9338744f61a02 -> 
  custom:audio-encoder-webm-vorbis: bf7c407c2cedff20999df2af8eb42d56 -> 
  custom:container-muxer-webm: aa71ff27fc2769a1b78a27578f13a17b -> 
